android/app/build/intermediates/manifest_merge_blame_file/debug/manifest-merger-blame-debug-report.txt
1<?xml version="1.0" encoding="utf-8"?>
2<manifest xmlns:android="http://schemas.android.com/apk/res/android"
3    package="com.campusxapp"
4    android:versionCode="1"
5    android:versionName="1.0" >
6
7    <uses-sdk
8        android:minSdkVersion="21"
9        android:targetSdkVersion="29" />
10
11    <uses-permission android:name="android.permission.SYSTEM_ALERT_WINDOW" />
11-->src\debug\AndroidManifest.xml:5:5-77
11-->src\debug\AndroidManifest.xml:5:22-75
12    <uses-permission android:name="android.permission.INTERNET" />
12-->src\main\AndroidManifest.xml:4:5-67
12-->src\main\AndroidManifest.xml:4:22-64
13    <uses-permission android:name="android.permission.CAMERA" />
13-->src\main\AndroidManifest.xml:5:5-64
13-->src\main\AndroidManifest.xml:5:22-62
14    <uses-permission android:name="android.permission.ACCESS_WIFI_STATE" />
14-->[com.facebook.flipper:flipper:0.75.1] AndroidManifest.xml:16:5-76
14-->[com.facebook.flipper:flipper:0.75.1] AndroidManifest.xml:16:22-73
15    <uses-permission android:name="android.permission.ACCESS_COARSE_LOCATION" />
15-->[:react-native-get-location] AndroidManifest.xml:9:5-81
15-->[:react-native-get-location] AndroidManifest.xml:9:22-78
16
17    <application
17-->src\main\AndroidManifest.xml:7:5-25:19
18        android:name="com.campusxapp.MainApplication"
18-->src\main\AndroidManifest.xml:8:7-38
19        android:allowBackup="false"
19-->src\main\AndroidManifest.xml:12:7-34
20        android:appComponentFactory="androidx.core.app.CoreComponentFactory"
20-->[androidx.core:core:1.1.0] AndroidManifest.xml:24:18-86
21        android:debuggable="true"
22        android:icon="@mipmap/ic_launcher"
22-->src\main\AndroidManifest.xml:10:7-41
23        android:label="@string/app_name"
23-->src\main\AndroidManifest.xml:9:7-39
24        android:roundIcon="@mipmap/ic_launcher_round"
24-->src\main\AndroidManifest.xml:11:7-52
25        android:theme="@style/AppTheme"
25-->src\main\AndroidManifest.xml:13:7-38
26        android:usesCleartextTraffic="true" >
26-->src\debug\AndroidManifest.xml:8:9-44
27        <activity android:name="com.facebook.react.devsupport.DevSettingsActivity" />
27-->src\debug\AndroidManifest.xml:11:9-86
27-->src\debug\AndroidManifest.xml:11:19-83
28        <activity
28-->src\main\AndroidManifest.xml:14:7-24:18
29            android:name="com.campusxapp.MainActivity"
29-->src\main\AndroidManifest.xml:15:9-37
30            android:configChanges="keyboard|keyboardHidden|orientation|screenSize|uiMode"
30-->src\main\AndroidManifest.xml:17:9-86
31            android:label="@string/app_name"
31-->src\main\AndroidManifest.xml:16:9-41
32            android:launchMode="singleTask"
32-->src\main\AndroidManifest.xml:18:9-40
33            android:windowSoftInputMode="stateAlwaysHidden|adjustPan" >
33-->src\main\AndroidManifest.xml:19:9-66
34            <intent-filter>
34-->src\main\AndroidManifest.xml:20:9-23:25
35                <action android:name="android.intent.action.MAIN" />
35-->src\main\AndroidManifest.xml:21:13-65
35-->src\main\AndroidManifest.xml:21:21-62
36
37                <category android:name="android.intent.category.LAUNCHER" />
37-->src\main\AndroidManifest.xml:22:13-73
37-->src\main\AndroidManifest.xml:22:23-70
38            </intent-filter>
39        </activity>
40    </application>
41
42</manifest>